<?xml version="1.0" encoding="UTF-8"?>
<testsuite xmlns:xsi="http://www.w3.org/2001/XMLSchema-instance" xsi:schemaLocation="https://maven.apache.org/surefire/maven-surefire-plugin/xsd/surefire-test-report.xsd" name="TestSuite" time="6.636" tests="27" errors="0" skipped="26" failures="1">
  <properties>
    <property name="java.runtime.name" value="Java(TM) SE Runtime Environment"/>
    <property name="sun.boot.library.path" value="C:\Program Files\Java\jdk1.8.0_20\jre\bin"/>
    <property name="java.vm.version" value="25.20-b23"/>
    <property name="java.vm.vendor" value="Oracle Corporation"/>
    <property name="maven.multiModuleProjectDirectory" value="D:\jenkins-2.46.2\Automate"/>
    <property name="java.vendor.url" value="http://java.oracle.com/"/>
    <property name="path.separator" value=";"/>
    <property name="guice.disable.misplaced.annotation.check" value="true"/>
    <property name="java.vm.name" value="Java HotSpot(TM) 64-Bit Server VM"/>
    <property name="file.encoding.pkg" value="sun.io"/>
    <property name="user.script" value=""/>
    <property name="user.country" value="US"/>
    <property name="sun.java.launcher" value="SUN_STANDARD"/>
    <property name="sun.os.patch.level" value="Service Pack 1"/>
    <property name="java.vm.specification.name" value="Java Virtual Machine Specification"/>
    <property name="user.dir" value="D:\jenkins-2.46.2\Automate"/>
    <property name="java.runtime.version" value="1.8.0_20-b26"/>
    <property name="java.awt.graphicsenv" value="sun.awt.Win32GraphicsEnvironment"/>
    <property name="java.endorsed.dirs" value="C:\Program Files\Java\jdk1.8.0_20\jre\lib\endorsed"/>
    <property name="os.arch" value="amd64"/>
    <property name="java.io.tmpdir" value="C:\Windows\TEMP\"/>
    <property name="line.separator" value="&#10;"/>
    <property name="java.vm.specification.vendor" value="Oracle Corporation"/>
    <property name="user.variant" value=""/>
    <property name="os.name" value="Windows 7"/>
    <property name="classworlds.conf" value="C:\Program Files\apache-maven-3.3.9\bin\m2.conf"/>
    <property name="sun.jnu.encoding" value="Cp1252"/>
    <property name="java.library.path" value="C:\Program Files\Java\jdk1.8.0_20\bin;C:\Windows\Sun\Java\bin;C:\Windows\system32;C:\Windows;C:\Program Files\apache-maven-3.3.9/bin;C:\Program Files\Java\jdk1.8.0_20/bin;C:\Program Files\Java\jdk1.8.0_20/bin;C:\Windows\System32;D:\Automation\apache-ant-1.9.7\bin/bin;C:\Program Files\Java\jdk1.8.0_20\bin;\bin;%M2_HOME%\bin;C:\Program Files (x86)\Microsoft SQL Server\100\Tools\Binn\;C:\Program Files\Microsoft SQL Server\100\Tools\Binn\;C:\Program Files\Microsoft SQL Server\100\DTS\Binn\;C:\Program Files (x86)\Microsoft SQL Server\100\Tools\Binn\VSShell\Common7\IDE\;C:\Program Files (x86)\Microsoft Visual Studio 9.0\Common7\IDE\PrivateAssemblies\;C:\Program Files (x86)\Microsoft SQL Server\100\DTS\Binn\;C:\Program Files\apache-maven-3.3.9\bin;C:\Program Files (x86)\PuTTY\;C:\Program Files\Git\cmd;D:\Automation\apache-ant-1.9.7\bin/bin;C:\Program Files\Java\jdk1.8.0_20\bin;\bin;%M2_HOME%\bin;C:\Program Files (x86)\Microsoft SQL Server\100\Tools\Binn\;C:\Program Files\Microsoft SQL Server\100\Tools\Binn\;C:\Program Files\Microsoft SQL Server\100\DTS\Binn\;C:\Program Files (x86)\Microsoft SQL Server\100\Tools\Binn\VSShell\Common7\IDE\;C:\Program Files (x86)\Microsoft Visual Studio 9.0\Common7\IDE\PrivateAssemblies\;C:\Program Files (x86)\Microsoft SQL Server\100\DTS\Binn\;C:\Program Files\apache-maven-3.3.9\bin;C:\Program Files (x86)\PuTTY\;C:\Program Files\Git\cmd;D:\Automation\apache-ant-1.9.7\bin/bin;C:\Program Files\Java\jdk1.8.0_20\bin;\bin;%M2_HOME%\bin;C:\Program Files (x86)\Microsoft SQL Server\100\Tools\Binn\;C:\Program Files\Microsoft SQL Server\100\Tools\Binn\;C:\Program Files\Microsoft SQL Server\100\DTS\Binn\;C:\Program Files (x86)\Microsoft SQL Server\100\Tools\Binn\VSShell\Common7\IDE\;C:\Program Files (x86)\Microsoft Visual Studio 9.0\Common7\IDE\PrivateAssemblies\;C:\Program Files (x86)\Microsoft SQL Server\100\DTS\Binn\;C:\Program Files\apache-maven-3.3.9\bin;C:\Program Files (x86)\PuTTY\;C:\Program Files\Git\cmd;;."/>
    <property name="java.specification.name" value="Java Platform API Specification"/>
    <property name="java.class.version" value="52.0"/>
    <property name="sun.management.compiler" value="HotSpot 64-Bit Tiered Compilers"/>
    <property name="maven.repo.local" value="D:\jenkins-2.46.2\Automate\.repository"/>
    <property name="os.version" value="6.1"/>
    <property name="user.home" value="C:\Windows\system32\config\systemprofile"/>
    <property name="user.timezone" value="Asia/Calcutta"/>
    <property name="java.awt.printerjob" value="sun.awt.windows.WPrinterJob"/>
    <property name="java.specification.version" value="1.8"/>
    <property name="file.encoding" value="Cp1252"/>
    <property name="user.name" value="LEOMAHESH-PC$"/>
    <property name="java.class.path" value="C:\Program Files\apache-maven-3.3.9\boot\plexus-classworlds-2.5.2.jar"/>
    <property name="java.vm.specification.version" value="1.8"/>
    <property name="sun.arch.data.model" value="64"/>
    <property name="java.home" value="C:\Program Files\Java\jdk1.8.0_20\jre"/>
    <property name="sun.java.command" value="org.codehaus.plexus.classworlds.launcher.Launcher -f D:\Automation\Automation_Project\Juniper_Project\pom.xml -Dmaven.repo.local=D:\jenkins-2.46.2\Automate\.repository clean install"/>
    <property name="java.specification.vendor" value="Oracle Corporation"/>
    <property name="user.language" value="en"/>
    <property name="awt.toolkit" value="sun.awt.windows.WToolkit"/>
    <property name="java.vm.info" value="mixed mode"/>
    <property name="java.version" value="1.8.0_20"/>
    <property name="java.ext.dirs" value="C:\Program Files\Java\jdk1.8.0_20\jre\lib\ext;C:\Windows\Sun\Java\lib\ext"/>
    <property name="sun.boot.class.path" value="C:\Program Files\Java\jdk1.8.0_20\jre\lib\resources.jar;C:\Program Files\Java\jdk1.8.0_20\jre\lib\rt.jar;C:\Program Files\Java\jdk1.8.0_20\jre\lib\sunrsasign.jar;C:\Program Files\Java\jdk1.8.0_20\jre\lib\jsse.jar;C:\Program Files\Java\jdk1.8.0_20\jre\lib\jce.jar;C:\Program Files\Java\jdk1.8.0_20\jre\lib\charsets.jar;C:\Program Files\Java\jdk1.8.0_20\jre\lib\jfr.jar;C:\Program Files\Java\jdk1.8.0_20\jre\classes"/>
    <property name="java.vendor" value="Oracle Corporation"/>
    <property name="maven.home" value="C:\Program Files\apache-maven-3.3.9"/>
    <property name="file.separator" value="\"/>
    <property name="java.vendor.url.bug" value="http://bugreport.sun.com/bugreport/"/>
    <property name="sun.cpu.endian" value="little"/>
    <property name="sun.io.unicode.encoding" value="UnicodeLittle"/>
    <property name="sun.desktop" value="windows"/>
    <property name="sun.cpu.isalist" value="amd64"/>
  </properties>
  <testcase name="beforeClass" classname="com.juniper.suite.TestFramWork" time="6.474">
    <failure message="Failed to navigate to http://ms-qa-c/juniper-sh-qa-c-20/. This usually means that a call to the COM method IWebBrowser2::Navigate2() failed. (WARNING: The server did not provide any stacktrace information)&#10;Command duration or timeout: 15 milliseconds&#10;Build info: version: &apos;2.53.0&apos;, revision: &apos;35ae25b1534ae328c771e0856c93e187490ca824&apos;, time: &apos;2016-03-15 10:43:46&apos;&#10;System info: host: &apos;leomahesh-PC&apos;, ip: &apos;10.10.11.81&apos;, os.name: &apos;Windows 7&apos;, os.arch: &apos;amd64&apos;, os.version: &apos;6.1&apos;, java.version: &apos;1.8.0_20&apos;&#10;Driver info: org.openqa.selenium.ie.InternetExplorerDriver&#10;Capabilities [{browserAttachTimeout=0, enablePersistentHover=true, ie.forceCreateProcessApi=false, pageLoadStrategy=normal, ie.usePerProcessProxy=false, ignoreZoomSetting=false, handlesAlerts=true, version=11, platform=WINDOWS, nativeEvents=true, ie.ensureCleanSession=false, elementScrollBehavior=0, ie.browserCommandLineSwitches=, requireWindowFocus=false, browserName=internet explorer, initialBrowserUrl=http://localhost:27862/, takesScreenshot=true, javascriptEnabled=true, ignoreProtectedModeSettings=false, enableElementCacheCleanup=true, cssSelectorsEnabled=true, unexpectedAlertBehaviour=dismiss}]&#10;Session ID: 0e1a6019-d6e2-4813-9353-59091fa23699" type="org.openqa.selenium.WebDriverException">org.openqa.selenium.WebDriverException: 
Failed to navigate to http://ms-qa-c/juniper-sh-qa-c-20/. This usually means that a call to the COM method IWebBrowser2::Navigate2() failed. (WARNING: The server did not provide any stacktrace information)
Command duration or timeout: 15 milliseconds
Build info: version: '2.53.0', revision: '35ae25b1534ae328c771e0856c93e187490ca824', time: '2016-03-15 10:43:46'
System info: host: 'leomahesh-PC', ip: '10.10.11.81', os.name: 'Windows 7', os.arch: 'amd64', os.version: '6.1', java.version: '1.8.0_20'
Driver info: org.openqa.selenium.ie.InternetExplorerDriver
Capabilities [{browserAttachTimeout=0, enablePersistentHover=true, ie.forceCreateProcessApi=false, pageLoadStrategy=normal, ie.usePerProcessProxy=false, ignoreZoomSetting=false, handlesAlerts=true, version=11, platform=WINDOWS, nativeEvents=true, ie.ensureCleanSession=false, elementScrollBehavior=0, ie.browserCommandLineSwitches=, requireWindowFocus=false, browserName=internet explorer, initialBrowserUrl=http://localhost:27862/, takesScreenshot=true, javascriptEnabled=true, ignoreProtectedModeSettings=false, enableElementCacheCleanup=true, cssSelectorsEnabled=true, unexpectedAlertBehaviour=dismiss}]
Session ID: 0e1a6019-d6e2-4813-9353-59091fa23699
</failure>
    <system-err><![CDATA[Started InternetExplorerDriver server (32-bit)
2.52.0.0
Listening on port 27862
Only local connections are allowed
log4j:WARN No appenders could be found for logger (org.apache.http.client.protocol.RequestAddCookies).
log4j:WARN Please initialize the log4j system properly.
]]></system-err>
  </testcase>
  <testcase name="beforeClass" classname="com.juniper.suite.TestFramWork" time="0">
    <skipped/>
  </testcase>
  <testcase name="beforeClass" classname="com.juniper.suite.TestFramWork" time="0">
    <skipped/>
  </testcase>
  <testcase name="beforeClass" classname="com.juniper.suite.TestFramWork" time="0">
    <skipped/>
  </testcase>
  <testcase name="beforeClass" classname="com.juniper.suite.TestFramWork" time="0">
    <skipped/>
  </testcase>
  <testcase name="beforeClass" classname="com.juniper.suite.TestFramWork" time="0">
    <skipped/>
  </testcase>
  <testcase name="beforeClass" classname="com.juniper.suite.TestFramWork" time="0">
    <skipped/>
  </testcase>
  <testcase name="beforeClass" classname="com.juniper.suite.TestFramWork" time="0">
    <skipped/>
  </testcase>
  <testcase name="beforeClass" classname="com.juniper.suite.TestFramWork" time="0">
    <skipped/>
  </testcase>
  <testcase name="Test1" classname="com.juniper.suite.TestFramWork" time="0">
    <skipped/>
  </testcase>
  <testcase name="afterClass" classname="com.juniper.suite.TestFramWork" time="0">
    <skipped/>
  </testcase>
  <testcase name="afterClass" classname="com.juniper.suite.TestFramWork" time="0">
    <skipped/>
  </testcase>
  <testcase name="afterClass" classname="com.juniper.suite.TestFramWork" time="0">
    <skipped/>
  </testcase>
  <testcase name="afterClass" classname="com.juniper.suite.TestFramWork" time="0">
    <skipped/>
  </testcase>
  <testcase name="afterClass" classname="com.juniper.suite.TestFramWork" time="0">
    <skipped/>
  </testcase>
  <testcase name="afterClass" classname="com.juniper.suite.TestFramWork" time="0">
    <skipped/>
  </testcase>
  <testcase name="afterClass" classname="com.juniper.suite.TestFramWork" time="0">
    <skipped/>
  </testcase>
  <testcase name="afterClass" classname="com.juniper.suite.TestFramWork" time="0">
    <skipped/>
  </testcase>
  <testcase name="afterClass" classname="com.juniper.suite.TestFramWork" time="0">
    <skipped/>
  </testcase>
  <testcase name="Test2" classname="com.juniper.suite.TestFramWork" time="0">
    <skipped/>
  </testcase>
  <testcase name="Test3" classname="com.juniper.suite.TestFramWork" time="0">
    <skipped/>
  </testcase>
  <testcase name="Test4" classname="com.juniper.suite.TestFramWork" time="0">
    <skipped/>
  </testcase>
  <testcase name="Test5" classname="com.juniper.suite.TestFramWork" time="0">
    <skipped/>
  </testcase>
  <testcase name="Test6" classname="com.juniper.suite.TestFramWork" time="0">
    <skipped/>
  </testcase>
  <testcase name="Test7" classname="com.juniper.suite.TestFramWork" time="0">
    <skipped/>
  </testcase>
  <testcase name="Test8" classname="com.juniper.suite.TestFramWork" time="0">
    <skipped/>
  </testcase>
  <testcase name="Test9" classname="com.juniper.suite.TestFramWork" time="0">
    <skipped/>
  </testcase>
</testsuite>