<?xml version="1.0" encoding="UTF-8"?>
<!-- Generated by org.testng.reporters.JUnitReportReporter -->
<testsuite name="com.juniper.suite.TestReportingPage" tests="9" time="358.955" ignored="0" failures="0" timestamp="19 Sep 2017 07:38:38 GMT" skipped="0" hostname="leomahesh-PC" errors="0">
  <testcase name="Test8" time="43.063" classname="com.juniper.suite.TestReportingPage"/>
  <testcase name="Test9" time="52.720" classname="com.juniper.suite.TestReportingPage"/>
  <testcase name="Test2" time="37.882" classname="com.juniper.suite.TestReportingPage"/>
  <testcase name="Test1" time="8.290" classname="com.juniper.suite.TestReportingPage"/>
  <testcase name="Test4" time="80.814" classname="com.juniper.suite.TestReportingPage"/>
  <testcase name="Test6" time="11.954" classname="com.juniper.suite.TestReportingPage"/>
  <testcase name="Test7" time="74.594" classname="com.juniper.suite.TestReportingPage"/>
  <testcase name="Test3" time="14.247" classname="com.juniper.suite.TestReportingPage"/>
  <testcase name="Test5" time="35.391" classname="com.juniper.suite.TestReportingPage"/>
</testsuite> <!-- com.juniper.suite.TestReportingPage -->
