<?xml version="1.0" encoding="UTF-8"?>
<!-- Generated by org.testng.reporters.JUnitReportReporter -->
<testsuite name="com.juniper.suite.TestFramWork" tests="1" time="26.475" ignored="8" failures="0" timestamp="15 Feb 2018 14:35:27 GMT" skipped="0" hostname="leomahesh-PC" errors="0">
  <testcase name="Test4" time="26.475" classname="com.juniper.suite.TestFramWork"/>
  <testcase name="Test8" classname="com.juniper.suite.TestFramWork">
    <skipped/>
  </testcase> <!-- Test8 -->
  <testcase name="Test3" classname="com.juniper.suite.TestFramWork">
    <skipped/>
  </testcase> <!-- Test3 -->
  <testcase name="Test2" classname="com.juniper.suite.TestFramWork">
    <skipped/>
  </testcase> <!-- Test2 -->
  <testcase name="Test5" classname="com.juniper.suite.TestFramWork">
    <skipped/>
  </testcase> <!-- Test5 -->
  <testcase name="Test7" classname="com.juniper.suite.TestFramWork">
    <skipped/>
  </testcase> <!-- Test7 -->
  <testcase name="Test6" classname="com.juniper.suite.TestFramWork">
    <skipped/>
  </testcase> <!-- Test6 -->
  <testcase name="Test9" classname="com.juniper.suite.TestFramWork">
    <skipped/>
  </testcase> <!-- Test9 -->
  <testcase name="Test1" classname="com.juniper.suite.TestFramWork">
    <skipped/>
  </testcase> <!-- Test1 -->
</testsuite> <!-- com.juniper.suite.TestFramWork -->
